#
# There is insufficient memory for the Java Runtime Environment to continue.
# Native memory allocation (malloc) failed to allocate 65552 bytes. Error detail: Chunk::new
# Possible reasons:
#   The system is out of physical RAM or swap space
#   This process is running with CompressedOops enabled, and the Java Heap may be blocking the growth of the native heap
# Possible solutions:
#   Reduce memory load on the system
#   Increase physical memory or swap space
#   Check if swap backing store is full
#   Decrease Java heap size (-Xmx/-Xms)
#   Decrease number of Java threads
#   Decrease Java thread stack sizes (-Xss)
#   Set larger code cache with -XX:ReservedCodeCacheSize=
#   JVM is running with Unscaled Compressed Oops mode in which the Java heap is
#     placed in the first 4GB address space. The Java Heap base address is the
#     maximum limit for the native heap growth. Please use -XX:HeapBaseMinAddress
#     to set the Java Heap base and to place the Java Heap above 4GB virtual address.
# This output file may be truncated or incomplete.
#
#  Out of Memory Error (arena.cpp:168), pid=25240, tid=27236
#
# JRE version: OpenJDK Runtime Environment Temurin-21.0.8+9 (21.0.8+9) (build 21.0.8+9-LTS)
# Java VM: OpenJDK 64-Bit Server VM Temurin-21.0.8+9 (21.0.8+9-LTS, mixed mode, sharing, tiered, compressed oops, compressed class ptrs, parallel gc, windows-amd64)
# No core dump will be written. Minidumps are not enabled by default on client versions of Windows
#

---------------  S U M M A R Y ------------

Command Line: --add-modules=ALL-SYSTEM --add-opens=java.base/java.util=ALL-UNNAMED --add-opens=java.base/java.lang=ALL-UNNAMED --add-opens=java.base/sun.nio.fs=ALL-UNNAMED -Declipse.application=org.eclipse.jdt.ls.core.id1 -Dosgi.bundles.defaultStartLevel=4 -Declipse.product=org.eclipse.jdt.ls.core.product -Djava.import.generatesMetadataFilesAtProjectRoot=false -DDetectVMInstallationsJob.disabled=true -Dfile.encoding=utf8 -XX:+UseParallelGC -XX:GCTimeRatio=4 -XX:AdaptiveSizePolicyWeight=90 -Dsun.zip.disableMemoryMapping=true -Xmx2G -Xms100m -Xlog:disable -javaagent:c:\Users\dong1\.vscode\extensions\redhat.java-1.47.0-win32-x64\lombok\lombok-1.18.39-4050.jar -XX:+HeapDumpOnOutOfMemoryError -XX:HeapDumpPath=c:\Users\dong1\AppData\Roaming\Code\User\workspaceStorage\c81e1edea93a9a6c3fea531169ab3267\redhat.java -Daether.dependencyCollector.impl=bf c:\Users\dong1\.vscode\extensions\redhat.java-1.47.0-win32-x64\server\plugins\org.eclipse.equinox.launcher_1.7.100.v20251014-1222.jar -configuration c:\Users\dong1\AppData\Roaming\Code\User\globalStorage\redhat.java\1.47.0\config_win -data c:\Users\dong1\AppData\Roaming\Code\User\workspaceStorage\c81e1edea93a9a6c3fea531169ab3267\redhat.java\jdt_ws --pipe=\\.\pipe\lsp-593b5b2a98102039610f2a62e6824112-sock

Host: 11th Gen Intel(R) Core(TM) i5-1135G7 @ 2.40GHz, 8 cores, 7G,  Windows 11 , 64 bit Build 26100 (10.0.26100.6725)
Time: Wed Nov 12 12:52:00 2025 elapsed time: 2.193598 seconds (0d 0h 0m 2s)

---------------  T H R E A D  ---------------

Current thread (0x00000140ee040090):  JavaThread "C2 CompilerThread1" daemon [_thread_in_native, id=27236, stack(0x0000002820c00000,0x0000002820d00000) (1024K)]


Current CompileTask:
C2:2193  668       4       lombok.patcher.scripts.MethodLevelPatchScript::patch (21 bytes)

Stack: [0x0000002820c00000,0x0000002820d00000]
Native frames: (J=compiled Java code, j=interpreted, Vv=VM code, C=native code)
V  [jvm.dll+0x6d2449]
V  [jvm.dll+0x8ae341]
V  [jvm.dll+0x8b08be]
V  [jvm.dll+0x8b0fa3]
V  [jvm.dll+0x280c96]
V  [jvm.dll+0xc581d]
V  [jvm.dll+0xc5d53]
V  [jvm.dll+0xc5945]
V  [jvm.dll+0x6f950f]
V  [jvm.dll+0x1cce53]
V  [jvm.dll+0x6fa2e0]
V  [jvm.dll+0x136b11]
V  [jvm.dll+0x137682]
V  [jvm.dll+0x615f9f]
V  [jvm.dll+0x617c74]
V  [jvm.dll+0x24aea5]
V  [jvm.dll+0x2483a4]
V  [jvm.dll+0x1c89ee]
V  [jvm.dll+0x257d4d]
V  [jvm.dll+0x2562ea]
V  [jvm.dll+0x3f2d16]
V  [jvm.dll+0x857e6b]
V  [jvm.dll+0x6d0b0d]
C  [ucrtbase.dll+0x37b0]
C  [KERNEL32.DLL+0x2e8d7]
C  [ntdll.dll+0x8c53c]


---------------  P R O C E S S  ---------------

Threads class SMR info:
_java_thread_list=0x00000140ee227600, length=12, elements={
0x000001408e308eb0, 0x0000014090685fe0, 0x0000014090689200, 0x000001409068c3c0,
0x000001409068e020, 0x0000014090690b80, 0x00000140906915d0, 0x0000014090694410,
0x00000140906cceb0, 0x000001409078b270, 0x00000140e9bfe040, 0x00000140ee040090
}

Java Threads: ( => current thread )
  0x000001408e308eb0 JavaThread "main"                              [_thread_in_vm, id=25040, stack(0x000000281fe00000,0x000000281ff00000) (1024K)]
  0x0000014090685fe0 JavaThread "Reference Handler"          daemon [_thread_blocked, id=748, stack(0x0000002820200000,0x0000002820300000) (1024K)]
  0x0000014090689200 JavaThread "Finalizer"                  daemon [_thread_blocked, id=26728, stack(0x0000002820300000,0x0000002820400000) (1024K)]
  0x000001409068c3c0 JavaThread "Signal Dispatcher"          daemon [_thread_blocked, id=22712, stack(0x0000002820400000,0x0000002820500000) (1024K)]
  0x000001409068e020 JavaThread "Attach Listener"            daemon [_thread_blocked, id=20700, stack(0x0000002820500000,0x0000002820600000) (1024K)]
  0x0000014090690b80 JavaThread "Service Thread"             daemon [_thread_blocked, id=21152, stack(0x0000002820600000,0x0000002820700000) (1024K)]
  0x00000140906915d0 JavaThread "Monitor Deflation Thread"   daemon [_thread_blocked, id=3476, stack(0x0000002820700000,0x0000002820800000) (1024K)]
  0x0000014090694410 JavaThread "C2 CompilerThread0"         daemon [_thread_in_native, id=22784, stack(0x0000002820800000,0x0000002820900000) (1024K)]
  0x00000140906cceb0 JavaThread "C1 CompilerThread0"         daemon [_thread_in_native, id=24112, stack(0x0000002820900000,0x0000002820a00000) (1024K)]
  0x000001409078b270 JavaThread "Common-Cleaner"             daemon [_thread_blocked, id=10832, stack(0x0000002820a00000,0x0000002820b00000) (1024K)]
  0x00000140e9bfe040 JavaThread "Notification Thread"        daemon [_thread_blocked, id=1464, stack(0x0000002820b00000,0x0000002820c00000) (1024K)]
=>0x00000140ee040090 JavaThread "C2 CompilerThread1"         daemon [_thread_in_native, id=27236, stack(0x0000002820c00000,0x0000002820d00000) (1024K)]
Total: 12

Other Threads:
  0x00000140906710a0 VMThread "VM Thread"                           [id=26400, stack(0x0000002820100000,0x0000002820200000) (1024K)]
  0x0000014090789220 WatcherThread "VM Periodic Task Thread"        [id=26608, stack(0x0000002820000000,0x0000002820100000) (1024K)]
  0x000001409073ac80 WorkerThread "GC Thread#0"                     [id=24652, stack(0x000000281ff00000,0x0000002820000000) (1024K)]
  0x00000140ee618aa0 WorkerThread "GC Thread#1"                     [id=3724, stack(0x0000002820e00000,0x0000002820f00000) (1024K)]
  0x00000140ee67b7a0 WorkerThread "GC Thread#2"                     [id=26572, stack(0x0000002820f00000,0x0000002821000000) (1024K)]
  0x00000140ee67bb40 WorkerThread "GC Thread#3"                     [id=23224, stack(0x0000002821000000,0x0000002821100000) (1024K)]
  0x00000140ee5b1b30 WorkerThread "GC Thread#4"                     [id=3704, stack(0x0000002821100000,0x0000002821200000) (1024K)]
  0x00000140ee5b1ed0 WorkerThread "GC Thread#5"                     [id=28008, stack(0x0000002821200000,0x0000002821300000) (1024K)]
  0x00000140ee5b2270 WorkerThread "GC Thread#6"                     [id=22272, stack(0x0000002821300000,0x0000002821400000) (1024K)]
Total: 9

Threads with active compile tasks:
C2 CompilerThread0  2250  647       4       lombok.patcher.PatchScript::classMatches (41 bytes)
C1 CompilerThread0  2250 1130   !   3       java.net.URL::<init> (543 bytes)
C2 CompilerThread1  2250  668       4       lombok.patcher.scripts.MethodLevelPatchScript::patch (21 bytes)
Total: 3

VM state: not at safepoint (normal execution)

VM Mutex/Monitor currently owned by a thread: None

Heap address: 0x0000000080000000, size: 2048 MB, Compressed Oops mode: 32-bit

CDS archive(s) mapped at: [0x00000140a7000000-0x00000140a7ba0000-0x00000140a7ba0000), size 12189696, SharedBaseAddress: 0x00000140a7000000, ArchiveRelocationMode: 1.
Compressed class space mapped at: 0x00000140a8000000-0x00000140e8000000, reserved size: 1073741824
Narrow klass base: 0x00000140a7000000, Narrow klass shift: 0, Narrow klass range: 0x100000000

GC Precious Log:
 CardTable entry size: 512
 CPUs: 8 total, 8 available
 Memory: 7915M
 Large Page Support: Disabled
 NUMA Support: Disabled
 Compressed Oops: Enabled (32-bit)
 Alignments: Space 512K, Generation 512K, Heap 2M
 Heap Min Capacity: 100M
 Heap Initial Capacity: 100M
 Heap Max Capacity: 2G
 Pre-touch: Disabled
 Parallel Workers: 8

Heap:
 PSYoungGen      total 29696K, used 5287K [0x00000000d5580000, 0x00000000d7680000, 0x0000000100000000)
  eden space 25600K, 7% used [0x00000000d5580000,0x00000000d5774058,0x00000000d6e80000)
  from space 4096K, 80% used [0x00000000d6e80000,0x00000000d71b5ea8,0x00000000d7280000)
  to   space 4096K, 0% used [0x00000000d7280000,0x00000000d7280000,0x00000000d7680000)
 ParOldGen       total 68608K, used 16K [0x0000000080000000, 0x0000000084300000, 0x00000000d5580000)
  object space 68608K, 0% used [0x0000000080000000,0x0000000080004000,0x0000000084300000)
 Metaspace       used 4617K, committed 4928K, reserved 1114112K
  class space    used 501K, committed 640K, reserved 1048576K

Card table byte_map: [0x00000140900c0000,0x00000140904d0000] _byte_map_base: 0x000001408fcc0000

Marking Bits: (ParMarkBitMap*) 0x00007ffc4250a340
 Begin Bits: [0x00000140a2bc0000, 0x00000140a4bc0000)
 End Bits:   [0x00000140a4bc0000, 0x00000140a6bc0000)

Polling page: 0x000001408e570000

Metaspace:

Usage:
  Non-class:      4.02 MB used.
      Class:    501.89 KB used.
       Both:      4.51 MB used.

Virtual space:
  Non-class space:       64.00 MB reserved,       4.19 MB (  7%) committed,  1 nodes.
      Class space:        1.00 GB reserved,     640.00 KB ( <1%) committed,  1 nodes.
             Both:        1.06 GB reserved,       4.81 MB ( <1%) committed. 

Chunk freelists:
   Non-Class:  10.95 MB
       Class:  15.41 MB
        Both:  26.36 MB

MaxMetaspaceSize: unlimited
CompressedClassSpaceSize: 1.00 GB
Initial GC threshold: 21.00 MB
Current GC threshold: 21.00 MB
CDS: on
 - commit_granule_bytes: 65536.
 - commit_granule_words: 8192.
 - virtual_space_node_default_size: 8388608.
 - enlarge_chunks_in_place: 1.
 - use_allocation_guard: 0.


Internal statistics:

num_allocs_failed_limit: 0.
num_arena_births: 184.
num_arena_deaths: 0.
num_vsnodes_births: 2.
num_vsnodes_deaths: 0.
num_space_committed: 77.
num_space_uncommitted: 0.
num_chunks_returned_to_freelist: 0.
num_chunks_taken_from_freelist: 259.
num_chunk_merges: 0.
num_chunk_splits: 167.
num_chunks_enlarged: 98.
num_inconsistent_stats: 0.

CodeHeap 'non-profiled nmethods': size=120000Kb used=378Kb max_used=378Kb free=119621Kb
 bounds [0x000001409b3e0000, 0x000001409b650000, 0x00000140a2910000]
CodeHeap 'profiled nmethods': size=120000Kb used=1747Kb max_used=1747Kb free=118252Kb
 bounds [0x0000014093910000, 0x0000014093b80000, 0x000001409ae40000]
CodeHeap 'non-nmethods': size=5760Kb used=1206Kb max_used=1218Kb free=4554Kb
 bounds [0x000001409ae40000, 0x000001409b0b0000, 0x000001409b3e0000]
CodeCache: size=245760Kb, used=3331Kb, max_used=3343Kb, free=242427Kb
 total_blobs=1577, nmethods=1121, adapters=363, full_count=0
Compilation: enabled, stopped_count=0, restarted_count=0

Compilation events (20 events):
Event: 0.921 Thread 0x00000140906cceb0 nmethod 700 0x0000014093a0d090 code [0x0000014093a0d240, 0x0000014093a0d400]
Event: 0.921 Thread 0x00000140906cceb0  701       3       jdk.internal.misc.Unsafe::getIntUnaligned (12 bytes)
Event: 0.921 Thread 0x00000140906cceb0 nmethod 701 0x0000014093a0d490 code [0x0000014093a0d640, 0x0000014093a0d898]
Event: 0.921 Thread 0x00000140906cceb0  703       3       java.lang.invoke.VarHandleGuards::guard_LI_I (78 bytes)
Event: 0.922 Thread 0x00000140906cceb0 nmethod 703 0x0000014093a0d990 code [0x0000014093a0dcc0, 0x0000014093a0f508]
Event: 0.922 Thread 0x00000140906cceb0  704       3       java.lang.invoke.VarHandle::accessModeType (41 bytes)
Event: 0.922 Thread 0x00000140906cceb0 nmethod 704 0x0000014093a0fc10 code [0x0000014093a0fe00, 0x0000014093a10530]
Event: 0.922 Thread 0x00000140906cceb0  705       3       java.lang.invoke.VarForm::getMemberName (31 bytes)
Event: 0.923 Thread 0x00000140906cceb0 nmethod 705 0x0000014093a10790 code [0x0000014093a10960, 0x0000014093a10bf0]
Event: 0.923 Thread 0x00000140906cceb0  706       3       java.lang.invoke.VarHandleByteArrayAsInts$ArrayHandle::index (12 bytes)
Event: 0.923 Thread 0x00000140906cceb0 nmethod 706 0x0000014093a10d10 code [0x0000014093a10ec0, 0x0000014093a11008]
Event: 0.923 Thread 0x00000140906cceb0  707       3       java.lang.invoke.VarHandleByteArrayAsInts$ArrayHandle::get (36 bytes)
Event: 0.923 Thread 0x00000140906cceb0 nmethod 707 0x0000014093a11110 code [0x0000014093a112e0, 0x0000014093a116b8]
Event: 0.923 Thread 0x00000140906cceb0  708       3       java.lang.invoke.VarHandle::checkAccessModeThenIsDirect (29 bytes)
Event: 0.923 Thread 0x00000140906cceb0 nmethod 708 0x0000014093a11890 code [0x0000014093a11aa0, 0x0000014093a12308]
Event: 0.923 Thread 0x00000140906cceb0  702       1       java.lang.invoke.MethodHandleImpl::isCompileConstant (2 bytes)
Event: 0.923 Thread 0x00000140906cceb0 nmethod 702 0x000001409b420610 code [0x000001409b4207a0, 0x000001409b420848]
Event: 0.925 Thread 0x00000140906cceb0  711       3       java.lang.StringBuilder::<init> (6 bytes)
Event: 0.925 Thread 0x00000140906cceb0 nmethod 711 0x0000014093a12610 code [0x0000014093a127c0, 0x0000014093a128f8]
Event: 0.925 Thread 0x00000140906cceb0  712   !   3       java.lang.String::<init> (890 bytes)

GC Heap History (0 events):
No events

Dll operation events (8 events):
Event: 0.030 Loaded shared library c:\Users\dong1\.vscode\extensions\redhat.java-1.47.0-win32-x64\jre\21.0.8-win32-x86_64\bin\java.dll
Event: 0.207 Loaded shared library c:\Users\dong1\.vscode\extensions\redhat.java-1.47.0-win32-x64\jre\21.0.8-win32-x86_64\bin\zip.dll
Event: 0.320 Loaded shared library C:\Users\dong1\.vscode\extensions\redhat.java-1.47.0-win32-x64\jre\21.0.8-win32-x86_64\bin\instrument.dll
Event: 0.333 Loaded shared library C:\Users\dong1\.vscode\extensions\redhat.java-1.47.0-win32-x64\jre\21.0.8-win32-x86_64\bin\net.dll
Event: 0.338 Loaded shared library C:\Users\dong1\.vscode\extensions\redhat.java-1.47.0-win32-x64\jre\21.0.8-win32-x86_64\bin\nio.dll
Event: 0.346 Loaded shared library C:\Users\dong1\.vscode\extensions\redhat.java-1.47.0-win32-x64\jre\21.0.8-win32-x86_64\bin\zip.dll
Event: 0.406 Loaded shared library C:\Users\dong1\.vscode\extensions\redhat.java-1.47.0-win32-x64\jre\21.0.8-win32-x86_64\bin\jimage.dll
Event: 0.525 Loaded shared library c:\Users\dong1\.vscode\extensions\redhat.java-1.47.0-win32-x64\jre\21.0.8-win32-x86_64\bin\verify.dll

Deoptimization events (20 events):
Event: 0.863 Thread 0x000001408e308eb0 Uncommon trap: trap_request=0xffffff45 fr.pc=0x000001409b4023f4 relative=0x00000000000000d4
Event: 0.863 Thread 0x000001408e308eb0 Uncommon trap: reason=unstable_if action=reinterpret pc=0x000001409b4023f4 method=java.net.URI.match(CJJ)Z @ 45 c2
Event: 0.863 Thread 0x000001408e308eb0 DEOPT PACKING pc=0x000001409b4023f4 sp=0x000000281fefcea0
Event: 0.863 Thread 0x000001408e308eb0 DEOPT UNPACKING pc=0x000001409ae96da2 sp=0x000000281fefce08 mode 2
Event: 0.908 Thread 0x000001408e308eb0 Uncommon trap: trap_request=0xffffff45 fr.pc=0x000001409b40161c relative=0x000000000000017c
Event: 0.908 Thread 0x000001408e308eb0 Uncommon trap: reason=unstable_if action=reinterpret pc=0x000001409b40161c method=java.lang.StringUTF16.compress([CI[BII)I @ 20 c2
Event: 0.908 Thread 0x000001408e308eb0 DEOPT PACKING pc=0x000001409b40161c sp=0x000000281fefb910
Event: 0.908 Thread 0x000001408e308eb0 DEOPT UNPACKING pc=0x000001409ae96da2 sp=0x000000281fefb880 mode 2
Event: 0.920 Thread 0x000001408e308eb0 Uncommon trap: trap_request=0xffffffde fr.pc=0x000001409b3ed58c relative=0x000000000000092c
Event: 0.920 Thread 0x000001408e308eb0 Uncommon trap: reason=class_check action=maybe_recompile pc=0x000001409b3ed58c method=java.util.HashMap.putVal(ILjava/lang/Object;Ljava/lang/Object;ZZ)Ljava/lang/Object; @ 91 c2
Event: 0.920 Thread 0x000001408e308eb0 DEOPT PACKING pc=0x000001409b3ed58c sp=0x000000281fefdc30
Event: 0.921 Thread 0x000001408e308eb0 DEOPT UNPACKING pc=0x000001409ae96da2 sp=0x000000281fefdbf0 mode 2
Event: 0.921 Thread 0x000001408e308eb0 Uncommon trap: trap_request=0xffffffde fr.pc=0x000001409b3ed58c relative=0x000000000000092c
Event: 0.921 Thread 0x000001408e308eb0 Uncommon trap: reason=class_check action=maybe_recompile pc=0x000001409b3ed58c method=java.util.HashMap.putVal(ILjava/lang/Object;Ljava/lang/Object;ZZ)Ljava/lang/Object; @ 91 c2
Event: 0.921 Thread 0x000001408e308eb0 DEOPT PACKING pc=0x000001409b3ed58c sp=0x000000281fefdd50
Event: 0.921 Thread 0x000001408e308eb0 DEOPT UNPACKING pc=0x000001409ae96da2 sp=0x000000281fefdce0 mode 2
Event: 0.921 Thread 0x000001408e308eb0 Uncommon trap: trap_request=0xffffffde fr.pc=0x000001409b3ed58c relative=0x000000000000092c
Event: 0.921 Thread 0x000001408e308eb0 Uncommon trap: reason=class_check action=maybe_recompile pc=0x000001409b3ed58c method=java.util.HashMap.putVal(ILjava/lang/Object;Ljava/lang/Object;ZZ)Ljava/lang/Object; @ 91 c2
Event: 0.921 Thread 0x000001408e308eb0 DEOPT PACKING pc=0x000001409b3ed58c sp=0x000000281fefdd50
Event: 0.921 Thread 0x000001408e308eb0 DEOPT UNPACKING pc=0x000001409ae96da2 sp=0x000000281fefdce0 mode 2

Classes loaded (20 events):
Event: 0.920 Loading class sun/security/timestamp/TimestampToken done
Event: 0.921 Loading class java/security/Timestamp
Event: 0.921 Loading class java/security/Timestamp done
Event: 0.925 Loading class java/security/CodeSigner
Event: 0.925 Loading class java/security/CodeSigner done
Event: 0.925 Loading class sun/security/util/JarConstraintsParameters
Event: 0.925 Loading class sun/security/util/ConstraintsParameters
Event: 0.925 Loading class sun/security/util/ConstraintsParameters done
Event: 0.925 Loading class sun/security/util/JarConstraintsParameters done
Event: 0.926 Loading class java/security/interfaces/ECKey
Event: 0.926 Loading class java/security/interfaces/ECKey done
Event: 0.926 Loading class java/security/interfaces/XECKey
Event: 0.926 Loading class java/security/interfaces/XECKey done
Event: 0.926 Loading class sun/security/util/KeyUtil
Event: 0.926 Loading class sun/security/util/KeyUtil done
Event: 0.926 Loading class sun/security/util/Length
Event: 0.926 Loading class sun/security/util/Length done
Event: 0.926 Loading class javax/crypto/SecretKey
Event: 0.926 Loading class javax/crypto/SecretKey done
Event: 0.938 Loading class java/util/Base64

Classes unloaded (0 events):
No events

Classes redefined (0 events):
No events

Internal exceptions (12 events):
Event: 0.250 Thread 0x000001408e308eb0 Exception <a 'java/lang/NoSuchMethodError'{0x00000000d579f880}: 'void java.lang.invoke.DirectMethodHandle$Holder.invokeStatic(java.lang.Object, java.lang.Object, java.lang.Object)'> (0x00000000d579f880) 
thrown [s\src\hotspot\share\interpreter\linkResolver.cpp, line 773]
Event: 0.392 Thread 0x000001408e308eb0 Exception <a 'java/lang/NoSuchMethodError'{0x00000000d5907890}: 'java.lang.Object java.lang.invoke.Invokers$Holder.invokeExact_MT(java.lang.Object, java.lang.Object, java.lang.Object, java.lang.Object, java.lang.Object)'> (0x00000000d5907890) 
thrown [s\src\hotspot\share\interpreter\linkResolver.cpp, line 773]
Event: 0.460 Thread 0x000001408e308eb0 Exception <a 'java/lang/NoSuchMethodError'{0x00000000d59bfae0}: 'int java.lang.invoke.DirectMethodHandle$Holder.invokeSpecial(java.lang.Object, java.lang.Object, java.lang.Object, int)'> (0x00000000d59bfae0) 
thrown [s\src\hotspot\share\interpreter\linkResolver.cpp, line 773]
Event: 0.462 Thread 0x000001408e308eb0 Exception <a 'java/lang/NoSuchMethodError'{0x00000000d59d24c8}: 'java.lang.Object java.lang.invoke.DirectMethodHandle$Holder.invokeStatic(java.lang.Object, java.lang.Object, java.lang.Object, java.lang.Object, int)'> (0x00000000d59d24c8) 
thrown [s\src\hotspot\share\interpreter\linkResolver.cpp, line 773]
Event: 0.463 Thread 0x000001408e308eb0 Exception <a 'java/lang/NoSuchMethodError'{0x00000000d59dd970}: 'void java.lang.invoke.DelegatingMethodHandle$Holder.reinvoke_L(java.lang.Object, java.lang.Object, java.lang.Object, int, java.lang.Object)'> (0x00000000d59dd970) 
thrown [s\src\hotspot\share\interpreter\linkResolver.cpp, line 773]
Event: 0.464 Thread 0x000001408e308eb0 Exception <a 'java/lang/NoSuchMethodError'{0x00000000d59e13a8}: 'int java.lang.invoke.DirectMethodHandle$Holder.invokeSpecial(java.lang.Object, java.lang.Object, java.lang.Object)'> (0x00000000d59e13a8) 
thrown [s\src\hotspot\share\interpreter\linkResolver.cpp, line 773]
Event: 0.473 Thread 0x000001408e308eb0 Exception <a 'java/lang/NoSuchMethodError'{0x00000000d59fa098}: 'java.lang.Object java.lang.invoke.DirectMethodHandle$Holder.invokeStatic(java.lang.Object, java.lang.Object, int)'> (0x00000000d59fa098) 
thrown [s\src\hotspot\share\interpreter\linkResolver.cpp, line 773]
Event: 0.474 Thread 0x000001408e308eb0 Exception <a 'java/lang/NoSuchMethodError'{0x00000000d59fe9e8}: 'void java.lang.invoke.DirectMethodHandle$Holder.invokeStatic(java.lang.Object, java.lang.Object, int, java.lang.Object)'> (0x00000000d59fe9e8) 
thrown [s\src\hotspot\share\interpreter\linkResolver.cpp, line 773]
Event: 0.474 Thread 0x000001408e308eb0 Exception <a 'java/lang/NoSuchMethodError'{0x00000000d5a027e8}: 'void java.lang.invoke.DirectMethodHandle$Holder.invokeSpecial(java.lang.Object, java.lang.Object, java.lang.Object, int, java.lang.Object)'> (0x00000000d5a027e8) 
thrown [s\src\hotspot\share\interpreter\linkResolver.cpp, line 773]
Event: 0.475 Thread 0x000001408e308eb0 Exception <a 'java/lang/NoSuchMethodError'{0x00000000d5a05c58}: 'void java.lang.invoke.DelegatingMethodHandle$Holder.delegate(java.lang.Object, java.lang.Object, int, java.lang.Object)'> (0x00000000d5a05c58) 
thrown [s\src\hotspot\share\interpreter\linkResolver.cpp, line 773]
Event: 0.608 Thread 0x000001408e308eb0 Exception <a 'java/lang/NoSuchMethodError'{0x00000000d5bc4938}: 'void java.lang.invoke.DelegatingMethodHandle$Holder.reinvoke_L(java.lang.Object, java.lang.Object, java.lang.Object, int)'> (0x00000000d5bc4938) 
thrown [s\src\hotspot\share\interpreter\linkResolver.cpp, line 773]
Event: 0.813 Thread 0x000001408e308eb0 Exception <a 'java/lang/NoSuchMethodError'{0x00000000d6059d08}: 'void java.lang.invoke.DirectMethodHandle$Holder.invokeVirtual(java.lang.Object, java.lang.Object)'> (0x00000000d6059d08) 
thrown [s\src\hotspot\share\interpreter\linkResolver.cpp, line 773]

ZGC Phase Switch (0 events):
No events

VM Operations (6 events):
Event: 0.260 Executing VM operation: HandshakeAllThreads (Deoptimize)
Event: 0.260 Executing VM operation: HandshakeAllThreads (Deoptimize) done
Event: 0.425 Executing VM operation: HandshakeAllThreads (Deoptimize)
Event: 0.425 Executing VM operation: HandshakeAllThreads (Deoptimize) done
Event: 0.938 Executing VM operation: HandshakeAllThreads (Deoptimize)
Event: 0.938 Executing VM operation: HandshakeAllThreads (Deoptimize) done

Memory protections (0 events):
No events

Nmethod flushes (0 events):
No events

Events (12 events):
Event: 0.160 Thread 0x000001408e308eb0 Thread added: 0x000001408e308eb0
Event: 0.208 Thread 0x000001408e308eb0 Thread added: 0x0000014090685fe0
Event: 0.208 Thread 0x000001408e308eb0 Thread added: 0x0000014090689200
Event: 0.209 Thread 0x000001408e308eb0 Thread added: 0x000001409068c3c0
Event: 0.209 Thread 0x000001408e308eb0 Thread added: 0x000001409068e020
Event: 0.209 Thread 0x000001408e308eb0 Thread added: 0x0000014090690b80
Event: 0.209 Thread 0x000001408e308eb0 Thread added: 0x00000140906915d0
Event: 0.209 Thread 0x000001408e308eb0 Thread added: 0x0000014090694410
Event: 0.214 Thread 0x000001408e308eb0 Thread added: 0x00000140906cceb0
Event: 0.242 Thread 0x000001408e308eb0 Thread added: 0x000001409078b270
Event: 0.726 Thread 0x000001408e308eb0 Thread added: 0x00000140e9bfe040
Event: 0.771 Thread 0x00000140906cceb0 Thread added: 0x00000140ee040090


Dynamic libraries:
0x00007ff694af0000 - 0x00007ff694afe000 	c:\Users\dong1\.vscode\extensions\redhat.java-1.47.0-win32-x64\jre\21.0.8-win32-x86_64\bin\java.exe
0x00007ffd4d660000 - 0x00007ffd4d8c8000 	C:\WINDOWS\SYSTEM32\ntdll.dll
0x00007ffd4c980000 - 0x00007ffd4ca49000 	C:\WINDOWS\System32\KERNEL32.DLL
0x00007ffd4a880000 - 0x00007ffd4ac72000 	C:\WINDOWS\System32\KERNELBASE.dll
0x00007ffd4ae20000 - 0x00007ffd4af6b000 	C:\WINDOWS\System32\ucrtbase.dll
0x00007ffd0f7e0000 - 0x00007ffd0f7f8000 	c:\Users\dong1\.vscode\extensions\redhat.java-1.47.0-win32-x64\jre\21.0.8-win32-x86_64\bin\jli.dll
0x00007ffd4b730000 - 0x00007ffd4b8f5000 	C:\WINDOWS\System32\USER32.dll
0x00007ffd4ac80000 - 0x00007ffd4aca7000 	C:\WINDOWS\System32\win32u.dll
0x00007ffd4d540000 - 0x00007ffd4d56b000 	C:\WINDOWS\System32\GDI32.dll
0x00007ffd4b020000 - 0x00007ffd4b14d000 	C:\WINDOWS\System32\gdi32full.dll
0x00007ffd4af70000 - 0x00007ffd4b013000 	C:\WINDOWS\System32\msvcp_win.dll
0x00007ffd2dfe0000 - 0x00007ffd2e273000 	C:\WINDOWS\WinSxS\amd64_microsoft.windows.common-controls_6595b64144ccf1df_6.0.26100.6899_none_3e0efeeae32e88c1\COMCTL32.dll
0x00007ffd4d570000 - 0x00007ffd4d619000 	C:\WINDOWS\System32\msvcrt.dll
0x00007ffd0f210000 - 0x00007ffd0f22e000 	c:\Users\dong1\.vscode\extensions\redhat.java-1.47.0-win32-x64\jre\21.0.8-win32-x86_64\bin\VCRUNTIME140.dll
0x00007ffd4d070000 - 0x00007ffd4d09f000 	C:\WINDOWS\System32\IMM32.DLL
0x00007ffd429c0000 - 0x00007ffd429cc000 	c:\Users\dong1\.vscode\extensions\redhat.java-1.47.0-win32-x64\jre\21.0.8-win32-x86_64\bin\vcruntime140_1.dll
0x00007ffd0c670000 - 0x00007ffd0c6fd000 	c:\Users\dong1\.vscode\extensions\redhat.java-1.47.0-win32-x64\jre\21.0.8-win32-x86_64\bin\msvcp140.dll
0x00007ffc41850000 - 0x00007ffc425e7000 	c:\Users\dong1\.vscode\extensions\redhat.java-1.47.0-win32-x64\jre\21.0.8-win32-x86_64\bin\server\jvm.dll
0x00007ffd4ce50000 - 0x00007ffd4cf04000 	C:\WINDOWS\System32\ADVAPI32.dll
0x00007ffd4c150000 - 0x00007ffd4c1f6000 	C:\WINDOWS\System32\sechost.dll
0x00007ffd4c030000 - 0x00007ffd4c148000 	C:\WINDOWS\System32\RPCRT4.dll
0x00007ffd4b430000 - 0x00007ffd4b4a4000 	C:\WINDOWS\System32\WS2_32.dll
0x00007ffd4a670000 - 0x00007ffd4a6ce000 	C:\WINDOWS\SYSTEM32\POWRPROF.dll
0x00007ffd33930000 - 0x00007ffd33965000 	C:\WINDOWS\SYSTEM32\WINMM.dll
0x00007ffd37820000 - 0x00007ffd3782b000 	C:\WINDOWS\SYSTEM32\VERSION.dll
0x00007ffd4a650000 - 0x00007ffd4a664000 	C:\WINDOWS\SYSTEM32\UMPDC.dll
0x00007ffd49590000 - 0x00007ffd495ab000 	C:\WINDOWS\SYSTEM32\kernel.appcore.dll
0x00007ffd2dfd0000 - 0x00007ffd2dfda000 	c:\Users\dong1\.vscode\extensions\redhat.java-1.47.0-win32-x64\jre\21.0.8-win32-x86_64\bin\jimage.dll
0x00007ffd480d0000 - 0x00007ffd48312000 	C:\WINDOWS\SYSTEM32\DBGHELP.DLL
0x00007ffd4ca50000 - 0x00007ffd4cdcb000 	C:\WINDOWS\System32\combase.dll
0x00007ffd4bae0000 - 0x00007ffd4bbb7000 	C:\WINDOWS\System32\OLEAUT32.dll
0x00007ffd20fe0000 - 0x00007ffd2101c000 	C:\WINDOWS\SYSTEM32\dbgcore.DLL
0x00007ffd4b150000 - 0x00007ffd4b1e8000 	C:\WINDOWS\System32\bcryptPrimitives.dll
0x00007ffd2ae10000 - 0x00007ffd2ae1f000 	c:\Users\dong1\.vscode\extensions\redhat.java-1.47.0-win32-x64\jre\21.0.8-win32-x86_64\bin\instrument.dll
0x00007ffd07fc0000 - 0x00007ffd07fdf000 	c:\Users\dong1\.vscode\extensions\redhat.java-1.47.0-win32-x64\jre\21.0.8-win32-x86_64\bin\java.dll
0x00007ffd4c230000 - 0x00007ffd4c97d000 	C:\WINDOWS\System32\SHELL32.dll
0x00007ffd4acb0000 - 0x00007ffd4ae1b000 	C:\WINDOWS\System32\wintypes.dll
0x00007ffd48400000 - 0x00007ffd48c5d000 	C:\WINDOWS\SYSTEM32\windows.storage.dll
0x00007ffd4bf30000 - 0x00007ffd4c022000 	C:\WINDOWS\System32\SHCORE.dll
0x00007ffd4b510000 - 0x00007ffd4b572000 	C:\WINDOWS\System32\shlwapi.dll
0x00007ffd4a710000 - 0x00007ffd4a739000 	C:\WINDOWS\SYSTEM32\profapi.dll
0x00007ffd306c0000 - 0x00007ffd306d8000 	c:\Users\dong1\.vscode\extensions\redhat.java-1.47.0-win32-x64\jre\21.0.8-win32-x86_64\bin\zip.dll
0x00007ffd2d880000 - 0x00007ffd2d890000 	C:\Users\dong1\.vscode\extensions\redhat.java-1.47.0-win32-x64\jre\21.0.8-win32-x86_64\bin\net.dll
0x00007ffd3f8b0000 - 0x00007ffd3f9cf000 	C:\WINDOWS\SYSTEM32\WINHTTP.dll
0x00007ffd49ae0000 - 0x00007ffd49b4b000 	C:\WINDOWS\system32\mswsock.dll
0x00007ffd0f380000 - 0x00007ffd0f396000 	C:\Users\dong1\.vscode\extensions\redhat.java-1.47.0-win32-x64\jre\21.0.8-win32-x86_64\bin\nio.dll
0x00007ffd24f30000 - 0x00007ffd24f40000 	c:\Users\dong1\.vscode\extensions\redhat.java-1.47.0-win32-x64\jre\21.0.8-win32-x86_64\bin\verify.dll

JVMTI agents:
c:\Users\dong1\.vscode\extensions\redhat.java-1.47.0-win32-x64\lombok\lombok-1.18.39-4050.jar path:c:\Users\dong1\.vscode\extensions\redhat.java-1.47.0-win32-x64\jre\21.0.8-win32-x86_64\bin\instrument.dll, loaded, initialized, instrumentlib options:none

dbghelp: loaded successfully - version: 4.0.5 - missing functions: none
symbol engine: initialized successfully - sym options: 0x614 - pdb path: .;c:\Users\dong1\.vscode\extensions\redhat.java-1.47.0-win32-x64\jre\21.0.8-win32-x86_64\bin;C:\WINDOWS\SYSTEM32;C:\WINDOWS\WinSxS\amd64_microsoft.windows.common-controls_6595b64144ccf1df_6.0.26100.6899_none_3e0efeeae32e88c1;c:\Users\dong1\.vscode\extensions\redhat.java-1.47.0-win32-x64\jre\21.0.8-win32-x86_64\bin\server

VM Arguments:
jvm_args: --add-modules=ALL-SYSTEM --add-opens=java.base/java.util=ALL-UNNAMED --add-opens=java.base/java.lang=ALL-UNNAMED --add-opens=java.base/sun.nio.fs=ALL-UNNAMED -Declipse.application=org.eclipse.jdt.ls.core.id1 -Dosgi.bundles.defaultStartLevel=4 -Declipse.product=org.eclipse.jdt.ls.core.product -Djava.import.generatesMetadataFilesAtProjectRoot=false -DDetectVMInstallationsJob.disabled=true -Dfile.encoding=utf8 -XX:+UseParallelGC -XX:GCTimeRatio=4 -XX:AdaptiveSizePolicyWeight=90 -Dsun.zip.disableMemoryMapping=true -Xmx2G -Xms100m -Xlog:disable -javaagent:c:\Users\dong1\.vscode\extensions\redhat.java-1.47.0-win32-x64\lombok\lombok-1.18.39-4050.jar -XX:+HeapDumpOnOutOfMemoryError -XX:HeapDumpPath=c:\Users\dong1\AppData\Roaming\Code\User\workspaceStorage\c81e1edea93a9a6c3fea531169ab3267\redhat.java -Daether.dependencyCollector.impl=bf 
java_command: c:\Users\dong1\.vscode\extensions\redhat.java-1.47.0-win32-x64\server\plugins\org.eclipse.equinox.launcher_1.7.100.v20251014-1222.jar -configuration c:\Users\dong1\AppData\Roaming\Code\User\globalStorage\redhat.java\1.47.0\config_win -data c:\Users\dong1\AppData\Roaming\Code\User\workspaceStorage\c81e1edea93a9a6c3fea531169ab3267\redhat.java\jdt_ws --pipe=\\.\pipe\lsp-593b5b2a98102039610f2a62e6824112-sock
java_class_path (initial): c:\Users\dong1\.vscode\extensions\redhat.java-1.47.0-win32-x64\server\plugins\org.eclipse.equinox.launcher_1.7.100.v20251014-1222.jar
Launcher Type: SUN_STANDARD

[Global flags]
    uintx AdaptiveSizePolicyWeight                 = 90                                        {product} {command line}
     intx CICompilerCount                          = 4                                         {product} {ergonomic}
    uintx GCTimeRatio                              = 4                                         {product} {command line}
     bool HeapDumpOnOutOfMemoryError               = true                                   {manageable} {command line}
    ccstr HeapDumpPath                             = c:\Users\dong1\AppData\Roaming\Code\User\workspaceStorage\c81e1edea93a9a6c3fea531169ab3267\redhat.java         {manageable} {command line}
   size_t InitialHeapSize                          = 104857600                                 {product} {command line}
   size_t MaxHeapSize                              = 2147483648                                {product} {command line}
   size_t MaxNewSize                               = 715653120                                 {product} {ergonomic}
   size_t MinHeapDeltaBytes                        = 524288                                    {product} {ergonomic}
   size_t MinHeapSize                              = 104857600                                 {product} {command line}
   size_t NewSize                                  = 34603008                                  {product} {ergonomic}
    uintx NonNMethodCodeHeapSize                   = 5839372                                {pd product} {ergonomic}
    uintx NonProfiledCodeHeapSize                  = 122909434                              {pd product} {ergonomic}
   size_t OldSize                                  = 70254592                                  {product} {ergonomic}
    uintx ProfiledCodeHeapSize                     = 122909434                              {pd product} {ergonomic}
    uintx ReservedCodeCacheSize                    = 251658240                              {pd product} {ergonomic}
     bool SegmentedCodeCache                       = true                                      {product} {ergonomic}
   size_t SoftMaxHeapSize                          = 2147483648                             {manageable} {ergonomic}
     bool UseCompressedOops                        = true                           {product lp64_product} {ergonomic}
     bool UseLargePagesIndividualAllocation        = false                                  {pd product} {ergonomic}
     bool UseParallelGC                            = true                                      {product} {command line}

Logging:
Log output configuration:
 #0: stdout all=off uptime,level,tags foldmultilines=false
 #1: stderr all=off uptime,level,tags foldmultilines=false

Environment Variables:
PATH=C:\Program Files\Eclipse Adoptium\jdk-25.0.0.36-hotspot\bin;C:\Users\dong1\AppData\Roaming\npm;C:\Program Files\nodejs\;C:\Program Files\Git\cmd;C:\WINDOWS\system32;C:\WINDOWS;C:\WINDOWS\System32\Wbem;C:\WINDOWS\System32\WindowsPowerShell\v1.0\;C:\WINDOWS\System32\OpenSSH\;C:\Users\dong1\mingw64\bin;;C:\Program Files\Docker\Docker\resources\bin;C:\Users\dong1\AppData\Roaming\npm;C:\Program Files\nodejs\;C:\Program Files\Git\cmd;;%SystemRoot%\system32;%SystemRoot%;%SystemRoot%\System32\Wbem;%SYSTEMROOT%\System32\WindowsPowerShell\v1.0\;%SYSTEMROOT%\System32\OpenSSH\;C:\Users\dong1\AppData\Local\Programs\Python\Python310\Scripts\;C:\Users\dong1\AppData\Local\Programs\Python\Python310\;C:\Users\dong1\AppData\Local\Microsoft\WindowsApps;C:\Users\dong1\AppData\Local\Programs\Microsoft VS Code\bin;;C:\Windows\System32
USERNAME=dong1
OS=Windows_NT
PROCESSOR_IDENTIFIER=Intel64 Family 6 Model 140 Stepping 1, GenuineIntel
TMP=C:\Users\dong1\AppData\Local\Temp
TEMP=C:\Users\dong1\AppData\Local\Temp




Periodic native trim disabled

---------------  S Y S T E M  ---------------

OS:
 Windows 11 , 64 bit Build 26100 (10.0.26100.6725)
OS uptime: 0 days 0:58 hours
Hyper-V role detected

CPU: total 8 (initial active 8) (4 cores per cpu, 2 threads per core) family 6 model 140 stepping 1 microcode 0x8a, cx8, cmov, fxsr, ht, mmx, 3dnowpref, sse, sse2, sse3, ssse3, sse4.1, sse4.2, popcnt, lzcnt, tsc, tscinvbit, avx, avx2, aes, erms, clmul, bmi1, bmi2, adx, avx512f, avx512dq, avx512cd, avx512bw, avx512vl, sha, fma, vzeroupper, avx512_vpopcntdq, avx512_vpclmulqdq, avx512_vaes, avx512_vnni, clflush, clflushopt, clwb, avx512_vbmi2, avx512_vbmi, hv, rdtscp, rdpid, fsrm, gfni, avx512_bitalg, f16c, cet_ibt, cet_ss, avx512_ifma
Processor Information for the first 8 processors :
  Max Mhz: 2419, Current Mhz: 2419, Mhz Limit: 2419

Memory: 4k page, system-wide physical 7915M (668M free)
TotalPageFile size 18590M (AvailPageFile size 38M)
current process WorkingSet (physical memory assigned to process): 83M, peak: 83M
current process commit charge ("private bytes"): 236M, peak: 236M

vm_info: OpenJDK 64-Bit Server VM (21.0.8+9-LTS) for windows-amd64 JRE (21.0.8+9-LTS), built on 2025-07-15T00:00:00Z by "admin" with MS VC++ 17.7 (VS2022)

END.
